Determining if the pthread_create exist failed with the following output:
Change Dir: /home/robot/batkin/build_isolated/rbx1_apps/CMakeFiles/CMakeTmp

Run Build Command:"/usr/bin/make" "cmTC_b4282/fast"
/usr/bin/make -f CMakeFiles/cmTC_b4282.dir/build.make CMakeFiles/cmTC_b4282.dir/build
make[1]: Entering directory '/home/robot/batkin/build_isolated/rbx1_apps/CMakeFiles/CMakeTmp'
Building C object CMakeFiles/cmTC_b4282.dir/CheckSymbolExists.c.o
/usr/bin/cc     -o CMakeFiles/cmTC_b4282.dir/CheckSymbolExists.c.o   -c /home/robot/batkin/build_isolated/rbx1_apps/CMakeFiles/CMakeTmp/CheckSymbolExists.c
Linking C executable cmTC_b4282
/usr/bin/cmake -E cmake_link_script CMakeFiles/cmTC_b4282.dir/link.txt --verbose=1
/usr/bin/cc       CMakeFiles/cmTC_b4282.dir/CheckSymbolExists.c.o  -o cmTC_b4282 -rdynamic 
CMakeFiles/cmTC_b4282.dir/CheckSymbolExists.c.o：在函数‘main’中：
CheckSymbolExists.c:(.text+0x16)：对‘pthread_create’未定义的引用
collect2: error: ld returned 1 exit status
CMakeFiles/cmTC_b4282.dir/build.make:97: recipe for target 'cmTC_b4282' failed
make[1]: *** [cmTC_b4282] Error 1
make[1]: Leaving directory '/home/robot/batkin/build_isolated/rbx1_apps/CMakeFiles/CMakeTmp'
Makefile:126: recipe for target 'cmTC_b4282/fast' failed
make: *** [cmTC_b4282/fast] Error 2

File /home/robot/batkin/build_isolated/rbx1_apps/CMakeFiles/CMakeTmp/CheckSymbolExists.c:
/* */
#include <pthread.h>

int main(int argc, char** argv)
{
  (void)argv;
#ifndef pthread_create
  return ((int*)(&pthread_create))[argc];
#else
  (void)argc;
  return 0;
#endif
}

Determining if the function pthread_create exists in the pthreads failed with the following output:
Change Dir: /home/robot/batkin/build_isolated/rbx1_apps/CMakeFiles/CMakeTmp

Run Build Command:"/usr/bin/make" "cmTC_90a8b/fast"
/usr/bin/make -f CMakeFiles/cmTC_90a8b.dir/build.make CMakeFiles/cmTC_90a8b.dir/build
make[1]: Entering directory '/home/robot/batkin/build_isolated/rbx1_apps/CMakeFiles/CMakeTmp'
Building C object CMakeFiles/cmTC_90a8b.dir/CheckFunctionExists.c.o
/usr/bin/cc    -DCHECK_FUNCTION_EXISTS=pthread_create   -o CMakeFiles/cmTC_90a8b.dir/CheckFunctionExists.c.o   -c /usr/share/cmake-3.5/Modules/CheckFunctionExists.c
Linking C executable cmTC_90a8b
/usr/bin/cmake -E cmake_link_script CMakeFiles/cmTC_90a8b.dir/link.txt --verbose=1
/usr/bin/cc   -DCHECK_FUNCTION_EXISTS=pthread_create    CMakeFiles/cmTC_90a8b.dir/CheckFunctionExists.c.o  -o cmTC_90a8b -rdynamic -lpthreads 
/usr/bin/ld: 找不到 -lpthreads
collect2: error: ld returned 1 exit status
CMakeFiles/cmTC_90a8b.dir/build.make:97: recipe for target 'cmTC_90a8b' failed
make[1]: *** [cmTC_90a8b] Error 1
make[1]: Leaving directory '/home/robot/batkin/build_isolated/rbx1_apps/CMakeFiles/CMakeTmp'
Makefile:126: recipe for target 'cmTC_90a8b/fast' failed
make: *** [cmTC_90a8b/fast] Error 2


