Determining if the pthread_create exist failed with the following output:
Change Dir: /home/robot/batkin/build_isolated/move_base/CMakeFiles/CMakeTmp

Run Build Command:"/usr/bin/make" "cmTC_5c105/fast"
/usr/bin/make -f CMakeFiles/cmTC_5c105.dir/build.make CMakeFiles/cmTC_5c105.dir/build
make[1]: Entering directory '/home/robot/batkin/build_isolated/move_base/CMakeFiles/CMakeTmp'
Building C object CMakeFiles/cmTC_5c105.dir/CheckSymbolExists.c.o
/usr/bin/cc    -o CMakeFiles/cmTC_5c105.dir/CheckSymbolExists.c.o   -c /home/robot/batkin/build_isolated/move_base/CMakeFiles/CMakeTmp/CheckSymbolExists.c
Linking C executable cmTC_5c105
/usr/local/bin/cmake -E cmake_link_script CMakeFiles/cmTC_5c105.dir/link.txt --verbose=1
/usr/bin/cc      -rdynamic CMakeFiles/cmTC_5c105.dir/CheckSymbolExists.c.o  -o cmTC_5c105 
CMakeFiles/cmTC_5c105.dir/CheckSymbolExists.c.o：在函数‘main’中：
CheckSymbolExists.c:(.text+0x16)：对‘pthread_create’未定义的引用
collect2: error: ld returned 1 exit status
CMakeFiles/cmTC_5c105.dir/build.make:97: recipe for target 'cmTC_5c105' failed
make[1]: *** [cmTC_5c105] Error 1
make[1]: Leaving directory '/home/robot/batkin/build_isolated/move_base/CMakeFiles/CMakeTmp'
Makefile:126: recipe for target 'cmTC_5c105/fast' failed
make: *** [cmTC_5c105/fast] Error 2

File /home/robot/batkin/build_isolated/move_base/CMakeFiles/CMakeTmp/CheckSymbolExists.c:
/* */
#include <pthread.h>

int main(int argc, char** argv)
{
  (void)argv;
#ifndef pthread_create
  return ((int*)(&pthread_create))[argc];
#else
  (void)argc;
  return 0;
#endif
}

Determining if the function pthread_create exists in the pthreads failed with the following output:
Change Dir: /home/robot/batkin/build_isolated/move_base/CMakeFiles/CMakeTmp

Run Build Command:"/usr/bin/make" "cmTC_88cc1/fast"
/usr/bin/make -f CMakeFiles/cmTC_88cc1.dir/build.make CMakeFiles/cmTC_88cc1.dir/build
make[1]: Entering directory '/home/robot/batkin/build_isolated/move_base/CMakeFiles/CMakeTmp'
Building C object CMakeFiles/cmTC_88cc1.dir/CheckFunctionExists.c.o
/usr/bin/cc   -DCHECK_FUNCTION_EXISTS=pthread_create   -o CMakeFiles/cmTC_88cc1.dir/CheckFunctionExists.c.o   -c /usr/local/share/cmake-3.9/Modules/CheckFunctionExists.c
Linking C executable cmTC_88cc1
/usr/local/bin/cmake -E cmake_link_script CMakeFiles/cmTC_88cc1.dir/link.txt --verbose=1
/usr/bin/cc  -DCHECK_FUNCTION_EXISTS=pthread_create    -rdynamic CMakeFiles/cmTC_88cc1.dir/CheckFunctionExists.c.o  -o cmTC_88cc1 -lpthreads 
/usr/bin/ld: 找不到 -lpthreads
collect2: error: ld returned 1 exit status
CMakeFiles/cmTC_88cc1.dir/build.make:97: recipe for target 'cmTC_88cc1' failed
make[1]: *** [cmTC_88cc1] Error 1
make[1]: Leaving directory '/home/robot/batkin/build_isolated/move_base/CMakeFiles/CMakeTmp'
Makefile:126: recipe for target 'cmTC_88cc1/fast' failed
make: *** [cmTC_88cc1/fast] Error 2


