Determining if the pthread_create exist failed with the following output:
Change Dir: /home/robot/batkin/build_isolated/image_rotate/CMakeFiles/CMakeTmp

Run Build Command:"/usr/bin/make" "cmTC_7a73e/fast"
/usr/bin/make -f CMakeFiles/cmTC_7a73e.dir/build.make CMakeFiles/cmTC_7a73e.dir/build
make[1]: Entering directory '/home/robot/batkin/build_isolated/image_rotate/CMakeFiles/CMakeTmp'
Building C object CMakeFiles/cmTC_7a73e.dir/CheckSymbolExists.c.o
/usr/bin/cc     -o CMakeFiles/cmTC_7a73e.dir/CheckSymbolExists.c.o   -c /home/robot/batkin/build_isolated/image_rotate/CMakeFiles/CMakeTmp/CheckSymbolExists.c
Linking C executable cmTC_7a73e
/usr/bin/cmake -E cmake_link_script CMakeFiles/cmTC_7a73e.dir/link.txt --verbose=1
/usr/bin/cc       CMakeFiles/cmTC_7a73e.dir/CheckSymbolExists.c.o  -o cmTC_7a73e -rdynamic 
CMakeFiles/cmTC_7a73e.dir/CheckSymbolExists.c.o：在函数‘main’中：
CheckSymbolExists.c:(.text+0x16)：对‘pthread_create’未定义的引用
collect2: error: ld returned 1 exit status
CMakeFiles/cmTC_7a73e.dir/build.make:97: recipe for target 'cmTC_7a73e' failed
make[1]: *** [cmTC_7a73e] Error 1
make[1]: Leaving directory '/home/robot/batkin/build_isolated/image_rotate/CMakeFiles/CMakeTmp'
Makefile:126: recipe for target 'cmTC_7a73e/fast' failed
make: *** [cmTC_7a73e/fast] Error 2

File /home/robot/batkin/build_isolated/image_rotate/CMakeFiles/CMakeTmp/CheckSymbolExists.c:
/* */
#include <pthread.h>

int main(int argc, char** argv)
{
  (void)argv;
#ifndef pthread_create
  return ((int*)(&pthread_create))[argc];
#else
  (void)argc;
  return 0;
#endif
}

Determining if the function pthread_create exists in the pthreads failed with the following output:
Change Dir: /home/robot/batkin/build_isolated/image_rotate/CMakeFiles/CMakeTmp

Run Build Command:"/usr/bin/make" "cmTC_79e0c/fast"
/usr/bin/make -f CMakeFiles/cmTC_79e0c.dir/build.make CMakeFiles/cmTC_79e0c.dir/build
make[1]: Entering directory '/home/robot/batkin/build_isolated/image_rotate/CMakeFiles/CMakeTmp'
Building C object CMakeFiles/cmTC_79e0c.dir/CheckFunctionExists.c.o
/usr/bin/cc    -DCHECK_FUNCTION_EXISTS=pthread_create   -o CMakeFiles/cmTC_79e0c.dir/CheckFunctionExists.c.o   -c /usr/share/cmake-3.5/Modules/CheckFunctionExists.c
Linking C executable cmTC_79e0c
/usr/bin/cmake -E cmake_link_script CMakeFiles/cmTC_79e0c.dir/link.txt --verbose=1
/usr/bin/cc   -DCHECK_FUNCTION_EXISTS=pthread_create    CMakeFiles/cmTC_79e0c.dir/CheckFunctionExists.c.o  -o cmTC_79e0c -rdynamic -lpthreads 
/usr/bin/ld: 找不到 -lpthreads
collect2: error: ld returned 1 exit status
CMakeFiles/cmTC_79e0c.dir/build.make:97: recipe for target 'cmTC_79e0c' failed
make[1]: *** [cmTC_79e0c] Error 1
make[1]: Leaving directory '/home/robot/batkin/build_isolated/image_rotate/CMakeFiles/CMakeTmp'
Makefile:126: recipe for target 'cmTC_79e0c/fast' failed
make: *** [cmTC_79e0c/fast] Error 2


