Determining if the pthread_create exist failed with the following output:
Change Dir: /home/robot/batkin/build_isolated/loop_path_planner/CMakeFiles/CMakeTmp

Run Build Command:"/usr/bin/make" "cmTC_f8149/fast"
/usr/bin/make -f CMakeFiles/cmTC_f8149.dir/build.make CMakeFiles/cmTC_f8149.dir/build
make[1]: Entering directory '/home/robot/batkin/build_isolated/loop_path_planner/CMakeFiles/CMakeTmp'
Building C object CMakeFiles/cmTC_f8149.dir/CheckSymbolExists.c.o
/usr/bin/cc    -o CMakeFiles/cmTC_f8149.dir/CheckSymbolExists.c.o   -c /home/robot/batkin/build_isolated/loop_path_planner/CMakeFiles/CMakeTmp/CheckSymbolExists.c
Linking C executable cmTC_f8149
/usr/local/bin/cmake -E cmake_link_script CMakeFiles/cmTC_f8149.dir/link.txt --verbose=1
/usr/bin/cc      -rdynamic CMakeFiles/cmTC_f8149.dir/CheckSymbolExists.c.o  -o cmTC_f8149 
CMakeFiles/cmTC_f8149.dir/CheckSymbolExists.c.o：在函数‘main’中：
CheckSymbolExists.c:(.text+0x16)：对‘pthread_create’未定义的引用
collect2: error: ld returned 1 exit status
CMakeFiles/cmTC_f8149.dir/build.make:97: recipe for target 'cmTC_f8149' failed
make[1]: *** [cmTC_f8149] Error 1
make[1]: Leaving directory '/home/robot/batkin/build_isolated/loop_path_planner/CMakeFiles/CMakeTmp'
Makefile:126: recipe for target 'cmTC_f8149/fast' failed
make: *** [cmTC_f8149/fast] Error 2

File /home/robot/batkin/build_isolated/loop_path_planner/CMakeFiles/CMakeTmp/CheckSymbolExists.c:
/* */
#include <pthread.h>

int main(int argc, char** argv)
{
  (void)argv;
#ifndef pthread_create
  return ((int*)(&pthread_create))[argc];
#else
  (void)argc;
  return 0;
#endif
}

Determining if the function pthread_create exists in the pthreads failed with the following output:
Change Dir: /home/robot/batkin/build_isolated/loop_path_planner/CMakeFiles/CMakeTmp

Run Build Command:"/usr/bin/make" "cmTC_76ae5/fast"
/usr/bin/make -f CMakeFiles/cmTC_76ae5.dir/build.make CMakeFiles/cmTC_76ae5.dir/build
make[1]: Entering directory '/home/robot/batkin/build_isolated/loop_path_planner/CMakeFiles/CMakeTmp'
Building C object CMakeFiles/cmTC_76ae5.dir/CheckFunctionExists.c.o
/usr/bin/cc   -DCHECK_FUNCTION_EXISTS=pthread_create   -o CMakeFiles/cmTC_76ae5.dir/CheckFunctionExists.c.o   -c /usr/local/share/cmake-3.9/Modules/CheckFunctionExists.c
Linking C executable cmTC_76ae5
/usr/local/bin/cmake -E cmake_link_script CMakeFiles/cmTC_76ae5.dir/link.txt --verbose=1
/usr/bin/cc  -DCHECK_FUNCTION_EXISTS=pthread_create    -rdynamic CMakeFiles/cmTC_76ae5.dir/CheckFunctionExists.c.o  -o cmTC_76ae5 -lpthreads 
/usr/bin/ld: 找不到 -lpthreads
collect2: error: ld returned 1 exit status
CMakeFiles/cmTC_76ae5.dir/build.make:97: recipe for target 'cmTC_76ae5' failed
make[1]: *** [cmTC_76ae5] Error 1
make[1]: Leaving directory '/home/robot/batkin/build_isolated/loop_path_planner/CMakeFiles/CMakeTmp'
Makefile:126: recipe for target 'cmTC_76ae5/fast' failed
make: *** [cmTC_76ae5/fast] Error 2


