Determining if the pthread_create exist failed with the following output:
Change Dir: /home/robot/batkin/build_isolated/dashgo_driver/CMakeFiles/CMakeTmp

Run Build Command:"/usr/bin/make" "cmTC_6f0ba/fast"
/usr/bin/make -f CMakeFiles/cmTC_6f0ba.dir/build.make CMakeFiles/cmTC_6f0ba.dir/build
make[1]: Entering directory '/home/robot/batkin/build_isolated/dashgo_driver/CMakeFiles/CMakeTmp'
Building C object CMakeFiles/cmTC_6f0ba.dir/CheckSymbolExists.c.o
/usr/bin/cc     -o CMakeFiles/cmTC_6f0ba.dir/CheckSymbolExists.c.o   -c /home/robot/batkin/build_isolated/dashgo_driver/CMakeFiles/CMakeTmp/CheckSymbolExists.c
Linking C executable cmTC_6f0ba
/usr/bin/cmake -E cmake_link_script CMakeFiles/cmTC_6f0ba.dir/link.txt --verbose=1
/usr/bin/cc       CMakeFiles/cmTC_6f0ba.dir/CheckSymbolExists.c.o  -o cmTC_6f0ba -rdynamic 
CMakeFiles/cmTC_6f0ba.dir/CheckSymbolExists.c.o：在函数‘main’中：
CheckSymbolExists.c:(.text+0x16)：对‘pthread_create’未定义的引用
collect2: error: ld returned 1 exit status
CMakeFiles/cmTC_6f0ba.dir/build.make:97: recipe for target 'cmTC_6f0ba' failed
make[1]: *** [cmTC_6f0ba] Error 1
make[1]: Leaving directory '/home/robot/batkin/build_isolated/dashgo_driver/CMakeFiles/CMakeTmp'
Makefile:126: recipe for target 'cmTC_6f0ba/fast' failed
make: *** [cmTC_6f0ba/fast] Error 2

File /home/robot/batkin/build_isolated/dashgo_driver/CMakeFiles/CMakeTmp/CheckSymbolExists.c:
/* */
#include <pthread.h>

int main(int argc, char** argv)
{
  (void)argv;
#ifndef pthread_create
  return ((int*)(&pthread_create))[argc];
#else
  (void)argc;
  return 0;
#endif
}

Determining if the function pthread_create exists in the pthreads failed with the following output:
Change Dir: /home/robot/batkin/build_isolated/dashgo_driver/CMakeFiles/CMakeTmp

Run Build Command:"/usr/bin/make" "cmTC_9b3eb/fast"
/usr/bin/make -f CMakeFiles/cmTC_9b3eb.dir/build.make CMakeFiles/cmTC_9b3eb.dir/build
make[1]: Entering directory '/home/robot/batkin/build_isolated/dashgo_driver/CMakeFiles/CMakeTmp'
Building C object CMakeFiles/cmTC_9b3eb.dir/CheckFunctionExists.c.o
/usr/bin/cc    -DCHECK_FUNCTION_EXISTS=pthread_create   -o CMakeFiles/cmTC_9b3eb.dir/CheckFunctionExists.c.o   -c /usr/share/cmake-3.5/Modules/CheckFunctionExists.c
Linking C executable cmTC_9b3eb
/usr/bin/cmake -E cmake_link_script CMakeFiles/cmTC_9b3eb.dir/link.txt --verbose=1
/usr/bin/cc   -DCHECK_FUNCTION_EXISTS=pthread_create    CMakeFiles/cmTC_9b3eb.dir/CheckFunctionExists.c.o  -o cmTC_9b3eb -rdynamic -lpthreads 
/usr/bin/ld: 找不到 -lpthreads
collect2: error: ld returned 1 exit status
CMakeFiles/cmTC_9b3eb.dir/build.make:97: recipe for target 'cmTC_9b3eb' failed
make[1]: *** [cmTC_9b3eb] Error 1
make[1]: Leaving directory '/home/robot/batkin/build_isolated/dashgo_driver/CMakeFiles/CMakeTmp'
Makefile:126: recipe for target 'cmTC_9b3eb/fast' failed
make: *** [cmTC_9b3eb/fast] Error 2


