Determining if the pthread_create exist failed with the following output:
Change Dir: /home/robot/batkin/build_isolated/cartographer_ros/CMakeFiles/CMakeTmp

Run Build Command:"/usr/bin/make" "cmTC_60747/fast"
/usr/bin/make -f CMakeFiles/cmTC_60747.dir/build.make CMakeFiles/cmTC_60747.dir/build
make[1]: Entering directory '/home/robot/batkin/build_isolated/cartographer_ros/CMakeFiles/CMakeTmp'
Building C object CMakeFiles/cmTC_60747.dir/CheckSymbolExists.c.o
/usr/bin/cc     -o CMakeFiles/cmTC_60747.dir/CheckSymbolExists.c.o   -c /home/robot/batkin/build_isolated/cartographer_ros/CMakeFiles/CMakeTmp/CheckSymbolExists.c
Linking C executable cmTC_60747
/usr/bin/cmake -E cmake_link_script CMakeFiles/cmTC_60747.dir/link.txt --verbose=1
/usr/bin/cc       CMakeFiles/cmTC_60747.dir/CheckSymbolExists.c.o  -o cmTC_60747 -rdynamic 
CMakeFiles/cmTC_60747.dir/CheckSymbolExists.c.o：在函数‘main’中：
CheckSymbolExists.c:(.text+0x16)：对‘pthread_create’未定义的引用
collect2: error: ld returned 1 exit status
CMakeFiles/cmTC_60747.dir/build.make:97: recipe for target 'cmTC_60747' failed
make[1]: *** [cmTC_60747] Error 1
make[1]: Leaving directory '/home/robot/batkin/build_isolated/cartographer_ros/CMakeFiles/CMakeTmp'
Makefile:126: recipe for target 'cmTC_60747/fast' failed
make: *** [cmTC_60747/fast] Error 2

File /home/robot/batkin/build_isolated/cartographer_ros/CMakeFiles/CMakeTmp/CheckSymbolExists.c:
/* */
#include <pthread.h>

int main(int argc, char** argv)
{
  (void)argv;
#ifndef pthread_create
  return ((int*)(&pthread_create))[argc];
#else
  (void)argc;
  return 0;
#endif
}

Determining if the function pthread_create exists in the pthreads failed with the following output:
Change Dir: /home/robot/batkin/build_isolated/cartographer_ros/CMakeFiles/CMakeTmp

Run Build Command:"/usr/bin/make" "cmTC_69924/fast"
/usr/bin/make -f CMakeFiles/cmTC_69924.dir/build.make CMakeFiles/cmTC_69924.dir/build
make[1]: Entering directory '/home/robot/batkin/build_isolated/cartographer_ros/CMakeFiles/CMakeTmp'
Building C object CMakeFiles/cmTC_69924.dir/CheckFunctionExists.c.o
/usr/bin/cc    -DCHECK_FUNCTION_EXISTS=pthread_create   -o CMakeFiles/cmTC_69924.dir/CheckFunctionExists.c.o   -c /usr/share/cmake-3.5/Modules/CheckFunctionExists.c
Linking C executable cmTC_69924
/usr/bin/cmake -E cmake_link_script CMakeFiles/cmTC_69924.dir/link.txt --verbose=1
/usr/bin/cc   -DCHECK_FUNCTION_EXISTS=pthread_create    CMakeFiles/cmTC_69924.dir/CheckFunctionExists.c.o  -o cmTC_69924 -rdynamic -lpthreads 
/usr/bin/ld: 找不到 -lpthreads
collect2: error: ld returned 1 exit status
CMakeFiles/cmTC_69924.dir/build.make:97: recipe for target 'cmTC_69924' failed
make[1]: *** [cmTC_69924] Error 1
make[1]: Leaving directory '/home/robot/batkin/build_isolated/cartographer_ros/CMakeFiles/CMakeTmp'
Makefile:126: recipe for target 'cmTC_69924/fast' failed
make: *** [cmTC_69924/fast] Error 2


