Determining if the pthread_create exist failed with the following output:
Change Dir: /home/robot/batkin/build_isolated/freenect_camera/CMakeFiles/CMakeTmp

Run Build Command:"/usr/bin/make" "cmTC_439b8/fast"
/usr/bin/make -f CMakeFiles/cmTC_439b8.dir/build.make CMakeFiles/cmTC_439b8.dir/build
make[1]: Entering directory '/home/robot/batkin/build_isolated/freenect_camera/CMakeFiles/CMakeTmp'
Building C object CMakeFiles/cmTC_439b8.dir/CheckSymbolExists.c.o
/usr/bin/cc     -o CMakeFiles/cmTC_439b8.dir/CheckSymbolExists.c.o   -c /home/robot/batkin/build_isolated/freenect_camera/CMakeFiles/CMakeTmp/CheckSymbolExists.c
Linking C executable cmTC_439b8
/usr/bin/cmake -E cmake_link_script CMakeFiles/cmTC_439b8.dir/link.txt --verbose=1
/usr/bin/cc       CMakeFiles/cmTC_439b8.dir/CheckSymbolExists.c.o  -o cmTC_439b8 -rdynamic 
CMakeFiles/cmTC_439b8.dir/CheckSymbolExists.c.o：在函数‘main’中：
CheckSymbolExists.c:(.text+0x16)：对‘pthread_create’未定义的引用
collect2: error: ld returned 1 exit status
CMakeFiles/cmTC_439b8.dir/build.make:97: recipe for target 'cmTC_439b8' failed
make[1]: *** [cmTC_439b8] Error 1
make[1]: Leaving directory '/home/robot/batkin/build_isolated/freenect_camera/CMakeFiles/CMakeTmp'
Makefile:126: recipe for target 'cmTC_439b8/fast' failed
make: *** [cmTC_439b8/fast] Error 2

File /home/robot/batkin/build_isolated/freenect_camera/CMakeFiles/CMakeTmp/CheckSymbolExists.c:
/* */
#include <pthread.h>

int main(int argc, char** argv)
{
  (void)argv;
#ifndef pthread_create
  return ((int*)(&pthread_create))[argc];
#else
  (void)argc;
  return 0;
#endif
}

Determining if the function pthread_create exists in the pthreads failed with the following output:
Change Dir: /home/robot/batkin/build_isolated/freenect_camera/CMakeFiles/CMakeTmp

Run Build Command:"/usr/bin/make" "cmTC_aaacb/fast"
/usr/bin/make -f CMakeFiles/cmTC_aaacb.dir/build.make CMakeFiles/cmTC_aaacb.dir/build
make[1]: Entering directory '/home/robot/batkin/build_isolated/freenect_camera/CMakeFiles/CMakeTmp'
Building C object CMakeFiles/cmTC_aaacb.dir/CheckFunctionExists.c.o
/usr/bin/cc    -DCHECK_FUNCTION_EXISTS=pthread_create   -o CMakeFiles/cmTC_aaacb.dir/CheckFunctionExists.c.o   -c /usr/share/cmake-3.5/Modules/CheckFunctionExists.c
Linking C executable cmTC_aaacb
/usr/bin/cmake -E cmake_link_script CMakeFiles/cmTC_aaacb.dir/link.txt --verbose=1
/usr/bin/cc   -DCHECK_FUNCTION_EXISTS=pthread_create    CMakeFiles/cmTC_aaacb.dir/CheckFunctionExists.c.o  -o cmTC_aaacb -rdynamic -lpthreads 
/usr/bin/ld: 找不到 -lpthreads
collect2: error: ld returned 1 exit status
CMakeFiles/cmTC_aaacb.dir/build.make:97: recipe for target 'cmTC_aaacb' failed
make[1]: *** [cmTC_aaacb] Error 1
make[1]: Leaving directory '/home/robot/batkin/build_isolated/freenect_camera/CMakeFiles/CMakeTmp'
Makefile:126: recipe for target 'cmTC_aaacb/fast' failed
make: *** [cmTC_aaacb/fast] Error 2


