Determining if the pthread_create exist failed with the following output:
Change Dir: /home/robot/batkin/build_isolated/costmap_2d/CMakeFiles/CMakeTmp

Run Build Command:"/usr/bin/make" "cmTC_e24df/fast"
/usr/bin/make -f CMakeFiles/cmTC_e24df.dir/build.make CMakeFiles/cmTC_e24df.dir/build
make[1]: Entering directory '/home/robot/batkin/build_isolated/costmap_2d/CMakeFiles/CMakeTmp'
Building C object CMakeFiles/cmTC_e24df.dir/CheckSymbolExists.c.o
/usr/bin/cc    -o CMakeFiles/cmTC_e24df.dir/CheckSymbolExists.c.o   -c /home/robot/batkin/build_isolated/costmap_2d/CMakeFiles/CMakeTmp/CheckSymbolExists.c
Linking C executable cmTC_e24df
/usr/local/bin/cmake -E cmake_link_script CMakeFiles/cmTC_e24df.dir/link.txt --verbose=1
/usr/bin/cc      -rdynamic CMakeFiles/cmTC_e24df.dir/CheckSymbolExists.c.o  -o cmTC_e24df 
CMakeFiles/cmTC_e24df.dir/CheckSymbolExists.c.o：在函数‘main’中：
CheckSymbolExists.c:(.text+0x16)：对‘pthread_create’未定义的引用
collect2: error: ld returned 1 exit status
CMakeFiles/cmTC_e24df.dir/build.make:97: recipe for target 'cmTC_e24df' failed
make[1]: *** [cmTC_e24df] Error 1
make[1]: Leaving directory '/home/robot/batkin/build_isolated/costmap_2d/CMakeFiles/CMakeTmp'
Makefile:126: recipe for target 'cmTC_e24df/fast' failed
make: *** [cmTC_e24df/fast] Error 2

File /home/robot/batkin/build_isolated/costmap_2d/CMakeFiles/CMakeTmp/CheckSymbolExists.c:
/* */
#include <pthread.h>

int main(int argc, char** argv)
{
  (void)argv;
#ifndef pthread_create
  return ((int*)(&pthread_create))[argc];
#else
  (void)argc;
  return 0;
#endif
}

Determining if the function pthread_create exists in the pthreads failed with the following output:
Change Dir: /home/robot/batkin/build_isolated/costmap_2d/CMakeFiles/CMakeTmp

Run Build Command:"/usr/bin/make" "cmTC_def02/fast"
/usr/bin/make -f CMakeFiles/cmTC_def02.dir/build.make CMakeFiles/cmTC_def02.dir/build
make[1]: Entering directory '/home/robot/batkin/build_isolated/costmap_2d/CMakeFiles/CMakeTmp'
Building C object CMakeFiles/cmTC_def02.dir/CheckFunctionExists.c.o
/usr/bin/cc   -DCHECK_FUNCTION_EXISTS=pthread_create   -o CMakeFiles/cmTC_def02.dir/CheckFunctionExists.c.o   -c /usr/local/share/cmake-3.9/Modules/CheckFunctionExists.c
Linking C executable cmTC_def02
/usr/local/bin/cmake -E cmake_link_script CMakeFiles/cmTC_def02.dir/link.txt --verbose=1
/usr/bin/cc  -DCHECK_FUNCTION_EXISTS=pthread_create    -rdynamic CMakeFiles/cmTC_def02.dir/CheckFunctionExists.c.o  -o cmTC_def02 -lpthreads 
/usr/bin/ld: 找不到 -lpthreads
collect2: error: ld returned 1 exit status
CMakeFiles/cmTC_def02.dir/build.make:97: recipe for target 'cmTC_def02' failed
make[1]: *** [cmTC_def02] Error 1
make[1]: Leaving directory '/home/robot/batkin/build_isolated/costmap_2d/CMakeFiles/CMakeTmp'
Makefile:126: recipe for target 'cmTC_def02/fast' failed
make: *** [cmTC_def02/fast] Error 2


