Determining if the pthread_create exist failed with the following output:
Change Dir: /home/robot/batkin/build_isolated/move_slow_and_clear/CMakeFiles/CMakeTmp

Run Build Command:"/usr/bin/make" "cmTC_18ffd/fast"
/usr/bin/make -f CMakeFiles/cmTC_18ffd.dir/build.make CMakeFiles/cmTC_18ffd.dir/build
make[1]: Entering directory '/home/robot/batkin/build_isolated/move_slow_and_clear/CMakeFiles/CMakeTmp'
Building C object CMakeFiles/cmTC_18ffd.dir/CheckSymbolExists.c.o
/usr/bin/cc    -o CMakeFiles/cmTC_18ffd.dir/CheckSymbolExists.c.o   -c /home/robot/batkin/build_isolated/move_slow_and_clear/CMakeFiles/CMakeTmp/CheckSymbolExists.c
Linking C executable cmTC_18ffd
/usr/local/bin/cmake -E cmake_link_script CMakeFiles/cmTC_18ffd.dir/link.txt --verbose=1
/usr/bin/cc      -rdynamic CMakeFiles/cmTC_18ffd.dir/CheckSymbolExists.c.o  -o cmTC_18ffd 
CMakeFiles/cmTC_18ffd.dir/CheckSymbolExists.c.o：在函数‘main’中：
CheckSymbolExists.c:(.text+0x16)：对‘pthread_create’未定义的引用
collect2: error: ld returned 1 exit status
CMakeFiles/cmTC_18ffd.dir/build.make:97: recipe for target 'cmTC_18ffd' failed
make[1]: *** [cmTC_18ffd] Error 1
make[1]: Leaving directory '/home/robot/batkin/build_isolated/move_slow_and_clear/CMakeFiles/CMakeTmp'
Makefile:126: recipe for target 'cmTC_18ffd/fast' failed
make: *** [cmTC_18ffd/fast] Error 2

File /home/robot/batkin/build_isolated/move_slow_and_clear/CMakeFiles/CMakeTmp/CheckSymbolExists.c:
/* */
#include <pthread.h>

int main(int argc, char** argv)
{
  (void)argv;
#ifndef pthread_create
  return ((int*)(&pthread_create))[argc];
#else
  (void)argc;
  return 0;
#endif
}

Determining if the function pthread_create exists in the pthreads failed with the following output:
Change Dir: /home/robot/batkin/build_isolated/move_slow_and_clear/CMakeFiles/CMakeTmp

Run Build Command:"/usr/bin/make" "cmTC_99f59/fast"
/usr/bin/make -f CMakeFiles/cmTC_99f59.dir/build.make CMakeFiles/cmTC_99f59.dir/build
make[1]: Entering directory '/home/robot/batkin/build_isolated/move_slow_and_clear/CMakeFiles/CMakeTmp'
Building C object CMakeFiles/cmTC_99f59.dir/CheckFunctionExists.c.o
/usr/bin/cc   -DCHECK_FUNCTION_EXISTS=pthread_create   -o CMakeFiles/cmTC_99f59.dir/CheckFunctionExists.c.o   -c /usr/local/share/cmake-3.9/Modules/CheckFunctionExists.c
Linking C executable cmTC_99f59
/usr/local/bin/cmake -E cmake_link_script CMakeFiles/cmTC_99f59.dir/link.txt --verbose=1
/usr/bin/cc  -DCHECK_FUNCTION_EXISTS=pthread_create    -rdynamic CMakeFiles/cmTC_99f59.dir/CheckFunctionExists.c.o  -o cmTC_99f59 -lpthreads 
/usr/bin/ld: 找不到 -lpthreads
collect2: error: ld returned 1 exit status
CMakeFiles/cmTC_99f59.dir/build.make:97: recipe for target 'cmTC_99f59' failed
make[1]: *** [cmTC_99f59] Error 1
make[1]: Leaving directory '/home/robot/batkin/build_isolated/move_slow_and_clear/CMakeFiles/CMakeTmp'
Makefile:126: recipe for target 'cmTC_99f59/fast' failed
make: *** [cmTC_99f59/fast] Error 2


