Determining if the pthread_create exist failed with the following output:
Change Dir: /home/robot/batkin/build_isolated/cartographer/devel/CMakeFiles/CMakeTmp

Run Build Command:"/usr/bin/make" "cmTC_84ceb/fast"
/usr/bin/make -f CMakeFiles/cmTC_84ceb.dir/build.make CMakeFiles/cmTC_84ceb.dir/build
make[1]: Entering directory '/home/robot/batkin/build_isolated/cartographer/devel/CMakeFiles/CMakeTmp'
Building C object CMakeFiles/cmTC_84ceb.dir/CheckSymbolExists.c.o
/usr/bin/cc     -o CMakeFiles/cmTC_84ceb.dir/CheckSymbolExists.c.o   -c /home/robot/batkin/build_isolated/cartographer/devel/CMakeFiles/CMakeTmp/CheckSymbolExists.c
Linking C executable cmTC_84ceb
/usr/bin/cmake -E cmake_link_script CMakeFiles/cmTC_84ceb.dir/link.txt --verbose=1
/usr/bin/cc       CMakeFiles/cmTC_84ceb.dir/CheckSymbolExists.c.o  -o cmTC_84ceb -rdynamic 
CMakeFiles/cmTC_84ceb.dir/CheckSymbolExists.c.o：在函数‘main’中：
CheckSymbolExists.c:(.text+0x16)：对‘pthread_create’未定义的引用
collect2: error: ld returned 1 exit status
CMakeFiles/cmTC_84ceb.dir/build.make:97: recipe for target 'cmTC_84ceb' failed
make[1]: *** [cmTC_84ceb] Error 1
make[1]: Leaving directory '/home/robot/batkin/build_isolated/cartographer/devel/CMakeFiles/CMakeTmp'
Makefile:126: recipe for target 'cmTC_84ceb/fast' failed
make: *** [cmTC_84ceb/fast] Error 2

File /home/robot/batkin/build_isolated/cartographer/devel/CMakeFiles/CMakeTmp/CheckSymbolExists.c:
/* */
#include <pthread.h>

int main(int argc, char** argv)
{
  (void)argv;
#ifndef pthread_create
  return ((int*)(&pthread_create))[argc];
#else
  (void)argc;
  return 0;
#endif
}

Determining if the function pthread_create exists in the pthreads failed with the following output:
Change Dir: /home/robot/batkin/build_isolated/cartographer/devel/CMakeFiles/CMakeTmp

Run Build Command:"/usr/bin/make" "cmTC_077cf/fast"
/usr/bin/make -f CMakeFiles/cmTC_077cf.dir/build.make CMakeFiles/cmTC_077cf.dir/build
make[1]: Entering directory '/home/robot/batkin/build_isolated/cartographer/devel/CMakeFiles/CMakeTmp'
Building C object CMakeFiles/cmTC_077cf.dir/CheckFunctionExists.c.o
/usr/bin/cc    -DCHECK_FUNCTION_EXISTS=pthread_create   -o CMakeFiles/cmTC_077cf.dir/CheckFunctionExists.c.o   -c /usr/share/cmake-3.5/Modules/CheckFunctionExists.c
Linking C executable cmTC_077cf
/usr/bin/cmake -E cmake_link_script CMakeFiles/cmTC_077cf.dir/link.txt --verbose=1
/usr/bin/cc   -DCHECK_FUNCTION_EXISTS=pthread_create    CMakeFiles/cmTC_077cf.dir/CheckFunctionExists.c.o  -o cmTC_077cf -rdynamic -lpthreads 
/usr/bin/ld: 找不到 -lpthreads
collect2: error: ld returned 1 exit status
CMakeFiles/cmTC_077cf.dir/build.make:97: recipe for target 'cmTC_077cf' failed
make[1]: *** [cmTC_077cf] Error 1
make[1]: Leaving directory '/home/robot/batkin/build_isolated/cartographer/devel/CMakeFiles/CMakeTmp'
Makefile:126: recipe for target 'cmTC_077cf/fast' failed
make: *** [cmTC_077cf/fast] Error 2


