Determining if the pthread_create exist failed with the following output:
Change Dir: /home/robot/batkin/build_isolated/location_fusion/CMakeFiles/CMakeTmp

Run Build Command:"/usr/bin/make" "cmTC_b3c6c/fast"
/usr/bin/make -f CMakeFiles/cmTC_b3c6c.dir/build.make CMakeFiles/cmTC_b3c6c.dir/build
make[1]: Entering directory '/home/robot/batkin/build_isolated/location_fusion/CMakeFiles/CMakeTmp'
Building C object CMakeFiles/cmTC_b3c6c.dir/CheckSymbolExists.c.o
/usr/bin/cc     -o CMakeFiles/cmTC_b3c6c.dir/CheckSymbolExists.c.o   -c /home/robot/batkin/build_isolated/location_fusion/CMakeFiles/CMakeTmp/CheckSymbolExists.c
Linking C executable cmTC_b3c6c
/usr/bin/cmake -E cmake_link_script CMakeFiles/cmTC_b3c6c.dir/link.txt --verbose=1
/usr/bin/cc       CMakeFiles/cmTC_b3c6c.dir/CheckSymbolExists.c.o  -o cmTC_b3c6c -rdynamic 
CMakeFiles/cmTC_b3c6c.dir/CheckSymbolExists.c.o：在函数‘main’中：
CheckSymbolExists.c:(.text+0x16)：对‘pthread_create’未定义的引用
collect2: error: ld returned 1 exit status
CMakeFiles/cmTC_b3c6c.dir/build.make:97: recipe for target 'cmTC_b3c6c' failed
make[1]: *** [cmTC_b3c6c] Error 1
make[1]: Leaving directory '/home/robot/batkin/build_isolated/location_fusion/CMakeFiles/CMakeTmp'
Makefile:126: recipe for target 'cmTC_b3c6c/fast' failed
make: *** [cmTC_b3c6c/fast] Error 2

File /home/robot/batkin/build_isolated/location_fusion/CMakeFiles/CMakeTmp/CheckSymbolExists.c:
/* */
#include <pthread.h>

int main(int argc, char** argv)
{
  (void)argv;
#ifndef pthread_create
  return ((int*)(&pthread_create))[argc];
#else
  (void)argc;
  return 0;
#endif
}

Determining if the function pthread_create exists in the pthreads failed with the following output:
Change Dir: /home/robot/batkin/build_isolated/location_fusion/CMakeFiles/CMakeTmp

Run Build Command:"/usr/bin/make" "cmTC_e74dd/fast"
/usr/bin/make -f CMakeFiles/cmTC_e74dd.dir/build.make CMakeFiles/cmTC_e74dd.dir/build
make[1]: Entering directory '/home/robot/batkin/build_isolated/location_fusion/CMakeFiles/CMakeTmp'
Building C object CMakeFiles/cmTC_e74dd.dir/CheckFunctionExists.c.o
/usr/bin/cc    -DCHECK_FUNCTION_EXISTS=pthread_create   -o CMakeFiles/cmTC_e74dd.dir/CheckFunctionExists.c.o   -c /usr/share/cmake-3.5/Modules/CheckFunctionExists.c
Linking C executable cmTC_e74dd
/usr/bin/cmake -E cmake_link_script CMakeFiles/cmTC_e74dd.dir/link.txt --verbose=1
/usr/bin/cc   -DCHECK_FUNCTION_EXISTS=pthread_create    CMakeFiles/cmTC_e74dd.dir/CheckFunctionExists.c.o  -o cmTC_e74dd -rdynamic -lpthreads 
/usr/bin/ld: 找不到 -lpthreads
collect2: error: ld returned 1 exit status
CMakeFiles/cmTC_e74dd.dir/build.make:97: recipe for target 'cmTC_e74dd' failed
make[1]: *** [cmTC_e74dd] Error 1
make[1]: Leaving directory '/home/robot/batkin/build_isolated/location_fusion/CMakeFiles/CMakeTmp'
Makefile:126: recipe for target 'cmTC_e74dd/fast' failed
make: *** [cmTC_e74dd/fast] Error 2


