Determining if the pthread_create exist failed with the following output:
Change Dir: /home/robot/batkin/build_isolated/dwa_local_planner/CMakeFiles/CMakeTmp

Run Build Command:"/usr/bin/make" "cmTC_c457d/fast"
/usr/bin/make -f CMakeFiles/cmTC_c457d.dir/build.make CMakeFiles/cmTC_c457d.dir/build
make[1]: Entering directory '/home/robot/batkin/build_isolated/dwa_local_planner/CMakeFiles/CMakeTmp'
Building C object CMakeFiles/cmTC_c457d.dir/CheckSymbolExists.c.o
/usr/bin/cc    -o CMakeFiles/cmTC_c457d.dir/CheckSymbolExists.c.o   -c /home/robot/batkin/build_isolated/dwa_local_planner/CMakeFiles/CMakeTmp/CheckSymbolExists.c
Linking C executable cmTC_c457d
/usr/local/bin/cmake -E cmake_link_script CMakeFiles/cmTC_c457d.dir/link.txt --verbose=1
/usr/bin/cc      -rdynamic CMakeFiles/cmTC_c457d.dir/CheckSymbolExists.c.o  -o cmTC_c457d 
CMakeFiles/cmTC_c457d.dir/CheckSymbolExists.c.o：在函数‘main’中：
CheckSymbolExists.c:(.text+0x16)：对‘pthread_create’未定义的引用
collect2: error: ld returned 1 exit status
CMakeFiles/cmTC_c457d.dir/build.make:97: recipe for target 'cmTC_c457d' failed
make[1]: *** [cmTC_c457d] Error 1
make[1]: Leaving directory '/home/robot/batkin/build_isolated/dwa_local_planner/CMakeFiles/CMakeTmp'
Makefile:126: recipe for target 'cmTC_c457d/fast' failed
make: *** [cmTC_c457d/fast] Error 2

File /home/robot/batkin/build_isolated/dwa_local_planner/CMakeFiles/CMakeTmp/CheckSymbolExists.c:
/* */
#include <pthread.h>

int main(int argc, char** argv)
{
  (void)argv;
#ifndef pthread_create
  return ((int*)(&pthread_create))[argc];
#else
  (void)argc;
  return 0;
#endif
}

Determining if the function pthread_create exists in the pthreads failed with the following output:
Change Dir: /home/robot/batkin/build_isolated/dwa_local_planner/CMakeFiles/CMakeTmp

Run Build Command:"/usr/bin/make" "cmTC_f13ee/fast"
/usr/bin/make -f CMakeFiles/cmTC_f13ee.dir/build.make CMakeFiles/cmTC_f13ee.dir/build
make[1]: Entering directory '/home/robot/batkin/build_isolated/dwa_local_planner/CMakeFiles/CMakeTmp'
Building C object CMakeFiles/cmTC_f13ee.dir/CheckFunctionExists.c.o
/usr/bin/cc   -DCHECK_FUNCTION_EXISTS=pthread_create   -o CMakeFiles/cmTC_f13ee.dir/CheckFunctionExists.c.o   -c /usr/local/share/cmake-3.9/Modules/CheckFunctionExists.c
Linking C executable cmTC_f13ee
/usr/local/bin/cmake -E cmake_link_script CMakeFiles/cmTC_f13ee.dir/link.txt --verbose=1
/usr/bin/cc  -DCHECK_FUNCTION_EXISTS=pthread_create    -rdynamic CMakeFiles/cmTC_f13ee.dir/CheckFunctionExists.c.o  -o cmTC_f13ee -lpthreads 
/usr/bin/ld: 找不到 -lpthreads
collect2: error: ld returned 1 exit status
CMakeFiles/cmTC_f13ee.dir/build.make:97: recipe for target 'cmTC_f13ee' failed
make[1]: *** [cmTC_f13ee] Error 1
make[1]: Leaving directory '/home/robot/batkin/build_isolated/dwa_local_planner/CMakeFiles/CMakeTmp'
Makefile:126: recipe for target 'cmTC_f13ee/fast' failed
make: *** [cmTC_f13ee/fast] Error 2


