Determining if the pthread_create exist failed with the following output:
Change Dir: /home/robot/batkin/build_isolated/autolabor_navigation_launch/CMakeFiles/CMakeTmp

Run Build Command:"/usr/bin/make" "cmTC_40d87/fast"
/usr/bin/make -f CMakeFiles/cmTC_40d87.dir/build.make CMakeFiles/cmTC_40d87.dir/build
make[1]: Entering directory '/home/robot/batkin/build_isolated/autolabor_navigation_launch/CMakeFiles/CMakeTmp'
Building C object CMakeFiles/cmTC_40d87.dir/CheckSymbolExists.c.o
/usr/bin/cc     -o CMakeFiles/cmTC_40d87.dir/CheckSymbolExists.c.o   -c /home/robot/batkin/build_isolated/autolabor_navigation_launch/CMakeFiles/CMakeTmp/CheckSymbolExists.c
Linking C executable cmTC_40d87
/usr/bin/cmake -E cmake_link_script CMakeFiles/cmTC_40d87.dir/link.txt --verbose=1
/usr/bin/cc       CMakeFiles/cmTC_40d87.dir/CheckSymbolExists.c.o  -o cmTC_40d87 -rdynamic 
CMakeFiles/cmTC_40d87.dir/CheckSymbolExists.c.o：在函数‘main’中：
CheckSymbolExists.c:(.text+0x16)：对‘pthread_create’未定义的引用
collect2: error: ld returned 1 exit status
CMakeFiles/cmTC_40d87.dir/build.make:97: recipe for target 'cmTC_40d87' failed
make[1]: *** [cmTC_40d87] Error 1
make[1]: Leaving directory '/home/robot/batkin/build_isolated/autolabor_navigation_launch/CMakeFiles/CMakeTmp'
Makefile:126: recipe for target 'cmTC_40d87/fast' failed
make: *** [cmTC_40d87/fast] Error 2

File /home/robot/batkin/build_isolated/autolabor_navigation_launch/CMakeFiles/CMakeTmp/CheckSymbolExists.c:
/* */
#include <pthread.h>

int main(int argc, char** argv)
{
  (void)argv;
#ifndef pthread_create
  return ((int*)(&pthread_create))[argc];
#else
  (void)argc;
  return 0;
#endif
}

Determining if the function pthread_create exists in the pthreads failed with the following output:
Change Dir: /home/robot/batkin/build_isolated/autolabor_navigation_launch/CMakeFiles/CMakeTmp

Run Build Command:"/usr/bin/make" "cmTC_8e643/fast"
/usr/bin/make -f CMakeFiles/cmTC_8e643.dir/build.make CMakeFiles/cmTC_8e643.dir/build
make[1]: Entering directory '/home/robot/batkin/build_isolated/autolabor_navigation_launch/CMakeFiles/CMakeTmp'
Building C object CMakeFiles/cmTC_8e643.dir/CheckFunctionExists.c.o
/usr/bin/cc    -DCHECK_FUNCTION_EXISTS=pthread_create   -o CMakeFiles/cmTC_8e643.dir/CheckFunctionExists.c.o   -c /usr/share/cmake-3.5/Modules/CheckFunctionExists.c
Linking C executable cmTC_8e643
/usr/bin/cmake -E cmake_link_script CMakeFiles/cmTC_8e643.dir/link.txt --verbose=1
/usr/bin/cc   -DCHECK_FUNCTION_EXISTS=pthread_create    CMakeFiles/cmTC_8e643.dir/CheckFunctionExists.c.o  -o cmTC_8e643 -rdynamic -lpthreads 
/usr/bin/ld: 找不到 -lpthreads
collect2: error: ld returned 1 exit status
CMakeFiles/cmTC_8e643.dir/build.make:97: recipe for target 'cmTC_8e643' failed
make[1]: *** [cmTC_8e643] Error 1
make[1]: Leaving directory '/home/robot/batkin/build_isolated/autolabor_navigation_launch/CMakeFiles/CMakeTmp'
Makefile:126: recipe for target 'cmTC_8e643/fast' failed
make: *** [cmTC_8e643/fast] Error 2


