Determining if the pthread_create exist failed with the following output:
Change Dir: /home/robot/batkin/build_isolated/freenect_launch/CMakeFiles/CMakeTmp

Run Build Command:"/usr/bin/make" "cmTC_4ffa8/fast"
/usr/bin/make -f CMakeFiles/cmTC_4ffa8.dir/build.make CMakeFiles/cmTC_4ffa8.dir/build
make[1]: Entering directory '/home/robot/batkin/build_isolated/freenect_launch/CMakeFiles/CMakeTmp'
Building C object CMakeFiles/cmTC_4ffa8.dir/CheckSymbolExists.c.o
/usr/bin/cc    -o CMakeFiles/cmTC_4ffa8.dir/CheckSymbolExists.c.o   -c /home/robot/batkin/build_isolated/freenect_launch/CMakeFiles/CMakeTmp/CheckSymbolExists.c
Linking C executable cmTC_4ffa8
/usr/local/bin/cmake -E cmake_link_script CMakeFiles/cmTC_4ffa8.dir/link.txt --verbose=1
/usr/bin/cc      -rdynamic CMakeFiles/cmTC_4ffa8.dir/CheckSymbolExists.c.o  -o cmTC_4ffa8 
CMakeFiles/cmTC_4ffa8.dir/CheckSymbolExists.c.o：在函数‘main’中：
CheckSymbolExists.c:(.text+0x16)：对‘pthread_create’未定义的引用
collect2: error: ld returned 1 exit status
CMakeFiles/cmTC_4ffa8.dir/build.make:97: recipe for target 'cmTC_4ffa8' failed
make[1]: *** [cmTC_4ffa8] Error 1
make[1]: Leaving directory '/home/robot/batkin/build_isolated/freenect_launch/CMakeFiles/CMakeTmp'
Makefile:126: recipe for target 'cmTC_4ffa8/fast' failed
make: *** [cmTC_4ffa8/fast] Error 2

File /home/robot/batkin/build_isolated/freenect_launch/CMakeFiles/CMakeTmp/CheckSymbolExists.c:
/* */
#include <pthread.h>

int main(int argc, char** argv)
{
  (void)argv;
#ifndef pthread_create
  return ((int*)(&pthread_create))[argc];
#else
  (void)argc;
  return 0;
#endif
}

Determining if the function pthread_create exists in the pthreads failed with the following output:
Change Dir: /home/robot/batkin/build_isolated/freenect_launch/CMakeFiles/CMakeTmp

Run Build Command:"/usr/bin/make" "cmTC_f83fe/fast"
/usr/bin/make -f CMakeFiles/cmTC_f83fe.dir/build.make CMakeFiles/cmTC_f83fe.dir/build
make[1]: Entering directory '/home/robot/batkin/build_isolated/freenect_launch/CMakeFiles/CMakeTmp'
Building C object CMakeFiles/cmTC_f83fe.dir/CheckFunctionExists.c.o
/usr/bin/cc   -DCHECK_FUNCTION_EXISTS=pthread_create   -o CMakeFiles/cmTC_f83fe.dir/CheckFunctionExists.c.o   -c /usr/local/share/cmake-3.9/Modules/CheckFunctionExists.c
Linking C executable cmTC_f83fe
/usr/local/bin/cmake -E cmake_link_script CMakeFiles/cmTC_f83fe.dir/link.txt --verbose=1
/usr/bin/cc  -DCHECK_FUNCTION_EXISTS=pthread_create    -rdynamic CMakeFiles/cmTC_f83fe.dir/CheckFunctionExists.c.o  -o cmTC_f83fe -lpthreads 
/usr/bin/ld: 找不到 -lpthreads
collect2: error: ld returned 1 exit status
CMakeFiles/cmTC_f83fe.dir/build.make:97: recipe for target 'cmTC_f83fe' failed
make[1]: *** [cmTC_f83fe] Error 1
make[1]: Leaving directory '/home/robot/batkin/build_isolated/freenect_launch/CMakeFiles/CMakeTmp'
Makefile:126: recipe for target 'cmTC_f83fe/fast' failed
make: *** [cmTC_f83fe/fast] Error 2


