Determining if the pthread_create exist failed with the following output:
Change Dir: /home/robot/batkin/build_isolated/xfyun_waterplus/CMakeFiles/CMakeTmp

Run Build Command:"/usr/bin/make" "cmTC_d0f0b/fast"
/usr/bin/make -f CMakeFiles/cmTC_d0f0b.dir/build.make CMakeFiles/cmTC_d0f0b.dir/build
make[1]: Entering directory '/home/robot/batkin/build_isolated/xfyun_waterplus/CMakeFiles/CMakeTmp'
Building C object CMakeFiles/cmTC_d0f0b.dir/CheckSymbolExists.c.o
/usr/bin/cc    -o CMakeFiles/cmTC_d0f0b.dir/CheckSymbolExists.c.o   -c /home/robot/batkin/build_isolated/xfyun_waterplus/CMakeFiles/CMakeTmp/CheckSymbolExists.c
Linking C executable cmTC_d0f0b
/usr/local/bin/cmake -E cmake_link_script CMakeFiles/cmTC_d0f0b.dir/link.txt --verbose=1
/usr/bin/cc      -rdynamic CMakeFiles/cmTC_d0f0b.dir/CheckSymbolExists.c.o  -o cmTC_d0f0b 
CMakeFiles/cmTC_d0f0b.dir/CheckSymbolExists.c.o：在函数‘main’中：
CheckSymbolExists.c:(.text+0x16)：对‘pthread_create’未定义的引用
collect2: error: ld returned 1 exit status
CMakeFiles/cmTC_d0f0b.dir/build.make:97: recipe for target 'cmTC_d0f0b' failed
make[1]: *** [cmTC_d0f0b] Error 1
make[1]: Leaving directory '/home/robot/batkin/build_isolated/xfyun_waterplus/CMakeFiles/CMakeTmp'
Makefile:126: recipe for target 'cmTC_d0f0b/fast' failed
make: *** [cmTC_d0f0b/fast] Error 2

File /home/robot/batkin/build_isolated/xfyun_waterplus/CMakeFiles/CMakeTmp/CheckSymbolExists.c:
/* */
#include <pthread.h>

int main(int argc, char** argv)
{
  (void)argv;
#ifndef pthread_create
  return ((int*)(&pthread_create))[argc];
#else
  (void)argc;
  return 0;
#endif
}

Determining if the function pthread_create exists in the pthreads failed with the following output:
Change Dir: /home/robot/batkin/build_isolated/xfyun_waterplus/CMakeFiles/CMakeTmp

Run Build Command:"/usr/bin/make" "cmTC_22ecb/fast"
/usr/bin/make -f CMakeFiles/cmTC_22ecb.dir/build.make CMakeFiles/cmTC_22ecb.dir/build
make[1]: Entering directory '/home/robot/batkin/build_isolated/xfyun_waterplus/CMakeFiles/CMakeTmp'
Building C object CMakeFiles/cmTC_22ecb.dir/CheckFunctionExists.c.o
/usr/bin/cc   -DCHECK_FUNCTION_EXISTS=pthread_create   -o CMakeFiles/cmTC_22ecb.dir/CheckFunctionExists.c.o   -c /usr/local/share/cmake-3.9/Modules/CheckFunctionExists.c
Linking C executable cmTC_22ecb
/usr/local/bin/cmake -E cmake_link_script CMakeFiles/cmTC_22ecb.dir/link.txt --verbose=1
/usr/bin/cc  -DCHECK_FUNCTION_EXISTS=pthread_create    -rdynamic CMakeFiles/cmTC_22ecb.dir/CheckFunctionExists.c.o  -o cmTC_22ecb -lpthreads 
/usr/bin/ld: 找不到 -lpthreads
collect2: error: ld returned 1 exit status
CMakeFiles/cmTC_22ecb.dir/build.make:97: recipe for target 'cmTC_22ecb' failed
make[1]: *** [cmTC_22ecb] Error 1
make[1]: Leaving directory '/home/robot/batkin/build_isolated/xfyun_waterplus/CMakeFiles/CMakeTmp'
Makefile:126: recipe for target 'cmTC_22ecb/fast' failed
make: *** [cmTC_22ecb/fast] Error 2


